<?xml version="1.0" encoding="UTF-8"?>
<testng-results ignored="0" total="1" passed="1" failed="0" skipped="0">
  <reporter-output>
  </reporter-output>
  <suite started-at="2025-03-20T15:40:08 IST" name="Default suite" finished-at="2025-03-20T15:40:10 IST" duration-ms="2341">
    <groups>
    </groups>
    <test started-at="2025-03-20T15:40:08 IST" name="Default test" finished-at="2025-03-20T15:40:10 IST" duration-ms="2341">
      <class name="dd.project.pp5alert">
        <test-method signature="testStorageDetails()[pri:0, instance:dd.project.pp5alert@4229bb3f]" started-at="2025-03-20T15:40:08 IST" name="testStorageDetails" finished-at="2025-03-20T15:40:10 IST" duration-ms="2315" status="PASS">
          <reporter-output>
          </reporter-output>
        </test-method> <!-- testStorageDetails -->
      </class> <!-- dd.project.pp5alert -->
    </test> <!-- Default test -->
  </suite> <!-- Default suite -->
</testng-results>
